C:\USERS\DISTA\DOCUMENTS\VISUAL STUDIO 2012\PROJECTS\CIS247C_WK2_LAB_BOUGHTON\CIS247C_WK2_LAB_BOUGHTON\DEBUG\BENEFIT.OBJ
C:\USERS\DISTA\DOCUMENTS\VISUAL STUDIO 2012\PROJECTS\CIS247C_WK2_LAB_BOUGHTON\CIS247C_WK2_LAB_BOUGHTON\DEBUG\EMPLOYEE.OBJ
C:\USERS\DISTA\DOCUMENTS\VISUAL STUDIO 2012\PROJECTS\CIS247C_WK2_LAB_BOUGHTON\CIS247C_WK2_LAB_BOUGHTON\DEBUG\SOURCE.OBJ
C:\USERS\DISTA\DOCUMENTS\VISUAL STUDIO 2012\PROJECTS\CIS247C_WK2_LAB_BOUGHTON\CIS247C_WK2_LAB_BOUGHTON\DEBUG\VC110.PDB
C:\USERS\DISTA\DOCUMENTS\VISUAL STUDIO 2012\PROJECTS\CIS247C_WK2_LAB_BOUGHTON\DEBUG\CIS247C_WK2_LAB_BOUGHTON.ILK
C:\USERS\DISTA\DOCUMENTS\VISUAL STUDIO 2012\PROJECTS\CIS247C_WK2_LAB_BOUGHTON\DEBUG\CIS247C_WK2_LAB_BOUGHTON.EXE
C:\USERS\DISTA\DOCUMENTS\VISUAL STUDIO 2012\PROJECTS\CIS247C_WK2_LAB_BOUGHTON\DEBUG\CIS247C_WK2_LAB_BOUGHTON.PDB
C:\Users\dista\Documents\Visual Studio 2012\Projects\CIS247C_WK2_Lab_Boughton\CIS247C_WK2_Lab_Boughton\Debug\Benefit.obj
C:\Users\dista\Documents\Visual Studio 2012\Projects\CIS247C_WK2_Lab_Boughton\CIS247C_WK2_Lab_Boughton\Debug\Display.obj
C:\Users\dista\Documents\Visual Studio 2012\Projects\CIS247C_WK2_Lab_Boughton\CIS247C_WK2_Lab_Boughton\Debug\Employee.obj
C:\Users\dista\Documents\Visual Studio 2012\Projects\CIS247C_WK2_Lab_Boughton\CIS247C_WK2_Lab_Boughton\Debug\Source.obj
C:\Users\dista\Documents\Visual Studio 2012\Projects\CIS247C_WK2_Lab_Boughton\CIS247C_WK2_Lab_Boughton\Debug\cl.command.1.tlog
C:\Users\dista\Documents\Visual Studio 2012\Projects\CIS247C_WK2_Lab_Boughton\CIS247C_WK2_Lab_Boughton\Debug\CL.read.1.tlog
C:\Users\dista\Documents\Visual Studio 2012\Projects\CIS247C_WK2_Lab_Boughton\CIS247C_WK2_Lab_Boughton\Debug\CL.write.1.tlog
C:\Users\dista\Documents\Visual Studio 2012\Projects\CIS247C_WK2_Lab_Boughton\CIS247C_WK2_Lab_Boughton\Debug\link-cvtres.read.1.tlog
C:\Users\dista\Documents\Visual Studio 2012\Projects\CIS247C_WK2_Lab_Boughton\CIS247C_WK2_Lab_Boughton\Debug\link-cvtres.write.1.tlog
C:\Users\dista\Documents\Visual Studio 2012\Projects\CIS247C_WK2_Lab_Boughton\CIS247C_WK2_Lab_Boughton\Debug\link-rc.read.1.tlog
C:\Users\dista\Documents\Visual Studio 2012\Projects\CIS247C_WK2_Lab_Boughton\CIS247C_WK2_Lab_Boughton\Debug\link-rc.write.1.tlog
C:\Users\dista\Documents\Visual Studio 2012\Projects\CIS247C_WK2_Lab_Boughton\CIS247C_WK2_Lab_Boughton\Debug\link.10316-cvtres.read.1.tlog
C:\Users\dista\Documents\Visual Studio 2012\Projects\CIS247C_WK2_Lab_Boughton\CIS247C_WK2_Lab_Boughton\Debug\link.10316-cvtres.write.1.tlog
C:\Users\dista\Documents\Visual Studio 2012\Projects\CIS247C_WK2_Lab_Boughton\CIS247C_WK2_Lab_Boughton\Debug\link.10316-rc.read.1.tlog
C:\Users\dista\Documents\Visual Studio 2012\Projects\CIS247C_WK2_Lab_Boughton\CIS247C_WK2_Lab_Boughton\Debug\link.10316-rc.write.1.tlog
C:\Users\dista\Documents\Visual Studio 2012\Projects\CIS247C_WK2_Lab_Boughton\CIS247C_WK2_Lab_Boughton\Debug\link.10316.read.1.tlog
C:\Users\dista\Documents\Visual Studio 2012\Projects\CIS247C_WK2_Lab_Boughton\CIS247C_WK2_Lab_Boughton\Debug\link.10316.write.1.tlog
C:\Users\dista\Documents\Visual Studio 2012\Projects\CIS247C_WK2_Lab_Boughton\CIS247C_WK2_Lab_Boughton\Debug\link.10872-cvtres.read.1.tlog
C:\Users\dista\Documents\Visual Studio 2012\Projects\CIS247C_WK2_Lab_Boughton\CIS247C_WK2_Lab_Boughton\Debug\link.10872-cvtres.write.1.tlog
C:\Users\dista\Documents\Visual Studio 2012\Projects\CIS247C_WK2_Lab_Boughton\CIS247C_WK2_Lab_Boughton\Debug\link.10872-rc.read.1.tlog
C:\Users\dista\Documents\Visual Studio 2012\Projects\CIS247C_WK2_Lab_Boughton\CIS247C_WK2_Lab_Boughton\Debug\link.10872-rc.write.1.tlog
C:\Users\dista\Documents\Visual Studio 2012\Projects\CIS247C_WK2_Lab_Boughton\CIS247C_WK2_Lab_Boughton\Debug\link.10872.read.1.tlog
C:\Users\dista\Documents\Visual Studio 2012\Projects\CIS247C_WK2_Lab_Boughton\CIS247C_WK2_Lab_Boughton\Debug\link.10872.write.1.tlog
C:\Users\dista\Documents\Visual Studio 2012\Projects\CIS247C_WK2_Lab_Boughton\CIS247C_WK2_Lab_Boughton\Debug\link.10884-cvtres.read.1.tlog
C:\Users\dista\Documents\Visual Studio 2012\Projects\CIS247C_WK2_Lab_Boughton\CIS247C_WK2_Lab_Boughton\Debug\link.10884-cvtres.write.1.tlog
C:\Users\dista\Documents\Visual Studio 2012\Projects\CIS247C_WK2_Lab_Boughton\CIS247C_WK2_Lab_Boughton\Debug\link.10884-rc.read.1.tlog
C:\Users\dista\Documents\Visual Studio 2012\Projects\CIS247C_WK2_Lab_Boughton\CIS247C_WK2_Lab_Boughton\Debug\link.10884-rc.write.1.tlog
C:\Users\dista\Documents\Visual Studio 2012\Projects\CIS247C_WK2_Lab_Boughton\CIS247C_WK2_Lab_Boughton\Debug\link.10884.read.1.tlog
C:\Users\dista\Documents\Visual Studio 2012\Projects\CIS247C_WK2_Lab_Boughton\CIS247C_WK2_Lab_Boughton\Debug\link.10884.write.1.tlog
C:\Users\dista\Documents\Visual Studio 2012\Projects\CIS247C_WK2_Lab_Boughton\CIS247C_WK2_Lab_Boughton\Debug\link.12588-cvtres.read.1.tlog
C:\Users\dista\Documents\Visual Studio 2012\Projects\CIS247C_WK2_Lab_Boughton\CIS247C_WK2_Lab_Boughton\Debug\link.12588-cvtres.write.1.tlog
C:\Users\dista\Documents\Visual Studio 2012\Projects\CIS247C_WK2_Lab_Boughton\CIS247C_WK2_Lab_Boughton\Debug\link.12588-rc.read.1.tlog
C:\Users\dista\Documents\Visual Studio 2012\Projects\CIS247C_WK2_Lab_Boughton\CIS247C_WK2_Lab_Boughton\Debug\link.12588-rc.write.1.tlog
C:\Users\dista\Documents\Visual Studio 2012\Projects\CIS247C_WK2_Lab_Boughton\CIS247C_WK2_Lab_Boughton\Debug\link.12588.read.1.tlog
C:\Users\dista\Documents\Visual Studio 2012\Projects\CIS247C_WK2_Lab_Boughton\CIS247C_WK2_Lab_Boughton\Debug\link.12588.write.1.tlog
C:\Users\dista\Documents\Visual Studio 2012\Projects\CIS247C_WK2_Lab_Boughton\CIS247C_WK2_Lab_Boughton\Debug\link.1660-cvtres.read.1.tlog
C:\Users\dista\Documents\Visual Studio 2012\Projects\CIS247C_WK2_Lab_Boughton\CIS247C_WK2_Lab_Boughton\Debug\link.1660-cvtres.write.1.tlog
C:\Users\dista\Documents\Visual Studio 2012\Projects\CIS247C_WK2_Lab_Boughton\CIS247C_WK2_Lab_Boughton\Debug\link.1660-rc.read.1.tlog
C:\Users\dista\Documents\Visual Studio 2012\Projects\CIS247C_WK2_Lab_Boughton\CIS247C_WK2_Lab_Boughton\Debug\link.1660-rc.write.1.tlog
C:\Users\dista\Documents\Visual Studio 2012\Projects\CIS247C_WK2_Lab_Boughton\CIS247C_WK2_Lab_Boughton\Debug\link.1660.read.1.tlog
C:\Users\dista\Documents\Visual Studio 2012\Projects\CIS247C_WK2_Lab_Boughton\CIS247C_WK2_Lab_Boughton\Debug\link.1660.write.1.tlog
C:\Users\dista\Documents\Visual Studio 2012\Projects\CIS247C_WK2_Lab_Boughton\CIS247C_WK2_Lab_Boughton\Debug\link.2156-cvtres.read.1.tlog
C:\Users\dista\Documents\Visual Studio 2012\Projects\CIS247C_WK2_Lab_Boughton\CIS247C_WK2_Lab_Boughton\Debug\link.2156-cvtres.write.1.tlog
C:\Users\dista\Documents\Visual Studio 2012\Projects\CIS247C_WK2_Lab_Boughton\CIS247C_WK2_Lab_Boughton\Debug\link.2156-rc.read.1.tlog
C:\Users\dista\Documents\Visual Studio 2012\Projects\CIS247C_WK2_Lab_Boughton\CIS247C_WK2_Lab_Boughton\Debug\link.2156-rc.write.1.tlog
C:\Users\dista\Documents\Visual Studio 2012\Projects\CIS247C_WK2_Lab_Boughton\CIS247C_WK2_Lab_Boughton\Debug\link.2156.read.1.tlog
C:\Users\dista\Documents\Visual Studio 2012\Projects\CIS247C_WK2_Lab_Boughton\CIS247C_WK2_Lab_Boughton\Debug\link.2156.write.1.tlog
C:\Users\dista\Documents\Visual Studio 2012\Projects\CIS247C_WK2_Lab_Boughton\CIS247C_WK2_Lab_Boughton\Debug\link.248-cvtres.read.1.tlog
C:\Users\dista\Documents\Visual Studio 2012\Projects\CIS247C_WK2_Lab_Boughton\CIS247C_WK2_Lab_Boughton\Debug\link.248-cvtres.write.1.tlog
C:\Users\dista\Documents\Visual Studio 2012\Projects\CIS247C_WK2_Lab_Boughton\CIS247C_WK2_Lab_Boughton\Debug\link.248-rc.read.1.tlog
C:\Users\dista\Documents\Visual Studio 2012\Projects\CIS247C_WK2_Lab_Boughton\CIS247C_WK2_Lab_Boughton\Debug\link.248-rc.write.1.tlog
C:\Users\dista\Documents\Visual Studio 2012\Projects\CIS247C_WK2_Lab_Boughton\CIS247C_WK2_Lab_Boughton\Debug\link.248.read.1.tlog
C:\Users\dista\Documents\Visual Studio 2012\Projects\CIS247C_WK2_Lab_Boughton\CIS247C_WK2_Lab_Boughton\Debug\link.248.write.1.tlog
C:\Users\dista\Documents\Visual Studio 2012\Projects\CIS247C_WK2_Lab_Boughton\CIS247C_WK2_Lab_Boughton\Debug\link.7300-cvtres.read.1.tlog
C:\Users\dista\Documents\Visual Studio 2012\Projects\CIS247C_WK2_Lab_Boughton\CIS247C_WK2_Lab_Boughton\Debug\link.7300-cvtres.write.1.tlog
C:\Users\dista\Documents\Visual Studio 2012\Projects\CIS247C_WK2_Lab_Boughton\CIS247C_WK2_Lab_Boughton\Debug\link.7300-rc.read.1.tlog
C:\Users\dista\Documents\Visual Studio 2012\Projects\CIS247C_WK2_Lab_Boughton\CIS247C_WK2_Lab_Boughton\Debug\link.7300-rc.write.1.tlog
C:\Users\dista\Documents\Visual Studio 2012\Projects\CIS247C_WK2_Lab_Boughton\CIS247C_WK2_Lab_Boughton\Debug\link.7300.read.1.tlog
C:\Users\dista\Documents\Visual Studio 2012\Projects\CIS247C_WK2_Lab_Boughton\CIS247C_WK2_Lab_Boughton\Debug\link.7300.write.1.tlog
C:\Users\dista\Documents\Visual Studio 2012\Projects\CIS247C_WK2_Lab_Boughton\CIS247C_WK2_Lab_Boughton\Debug\link.7932-cvtres.read.1.tlog
C:\Users\dista\Documents\Visual Studio 2012\Projects\CIS247C_WK2_Lab_Boughton\CIS247C_WK2_Lab_Boughton\Debug\link.7932-cvtres.write.1.tlog
C:\Users\dista\Documents\Visual Studio 2012\Projects\CIS247C_WK2_Lab_Boughton\CIS247C_WK2_Lab_Boughton\Debug\link.7932-rc.read.1.tlog
C:\Users\dista\Documents\Visual Studio 2012\Projects\CIS247C_WK2_Lab_Boughton\CIS247C_WK2_Lab_Boughton\Debug\link.7932-rc.write.1.tlog
C:\Users\dista\Documents\Visual Studio 2012\Projects\CIS247C_WK2_Lab_Boughton\CIS247C_WK2_Lab_Boughton\Debug\link.7932.read.1.tlog
C:\Users\dista\Documents\Visual Studio 2012\Projects\CIS247C_WK2_Lab_Boughton\CIS247C_WK2_Lab_Boughton\Debug\link.7932.write.1.tlog
C:\Users\dista\Documents\Visual Studio 2012\Projects\CIS247C_WK2_Lab_Boughton\CIS247C_WK2_Lab_Boughton\Debug\link.9868-cvtres.read.1.tlog
C:\Users\dista\Documents\Visual Studio 2012\Projects\CIS247C_WK2_Lab_Boughton\CIS247C_WK2_Lab_Boughton\Debug\link.9868-cvtres.write.1.tlog
C:\Users\dista\Documents\Visual Studio 2012\Projects\CIS247C_WK2_Lab_Boughton\CIS247C_WK2_Lab_Boughton\Debug\link.9868-rc.read.1.tlog
C:\Users\dista\Documents\Visual Studio 2012\Projects\CIS247C_WK2_Lab_Boughton\CIS247C_WK2_Lab_Boughton\Debug\link.9868-rc.write.1.tlog
C:\Users\dista\Documents\Visual Studio 2012\Projects\CIS247C_WK2_Lab_Boughton\CIS247C_WK2_Lab_Boughton\Debug\link.9868.read.1.tlog
C:\Users\dista\Documents\Visual Studio 2012\Projects\CIS247C_WK2_Lab_Boughton\CIS247C_WK2_Lab_Boughton\Debug\link.9868.write.1.tlog
C:\Users\dista\Documents\Visual Studio 2012\Projects\CIS247C_WK2_Lab_Boughton\CIS247C_WK2_Lab_Boughton\Debug\link.command.1.tlog
C:\Users\dista\Documents\Visual Studio 2012\Projects\CIS247C_WK2_Lab_Boughton\CIS247C_WK2_Lab_Boughton\Debug\link.read.1.tlog
C:\Users\dista\Documents\Visual Studio 2012\Projects\CIS247C_WK2_Lab_Boughton\CIS247C_WK2_Lab_Boughton\Debug\link.write.1.tlog
C:\Users\dista\Documents\Visual Studio 2012\Projects\CIS247C_WK2_Lab_Boughton\CIS247C_WK2_Lab_Boughton\Debug\vc110.idb
C:\Users\dista\Documents\Visual Studio 2012\Projects\CIS247C_WK2_Lab_Boughton\CIS247C_WK2_Lab_Boughton\Debug\vc110.pdb
C:\Users\dista\Documents\Visual Studio 2012\Projects\CIS247C_WK2_Lab_Boughton\Debug\CIS247C_WK2_Lab_Boughton.pdb
C:\Users\dista\Documents\Visual Studio 2012\Projects\CIS247C_WK2_Lab_Boughton\Debug\CIS247C_WK2_Lab_Boughton.exe
C:\Users\dista\Documents\Visual Studio 2012\Projects\CIS247C_WK2_Lab_Boughton\Debug\CIS247C_WK2_Lab_Boughton.ilk
